<?xml version="1.0" encoding="UTF-8"?>
<testsuite name="edu.uoc.locuocomotive.controller.LocUOComotiveControllerTest" tests="3" skipped="0" failures="0" errors="0" timestamp="2024-06-13T09:47:38" hostname="POLERO-PC" time="0.065">
  <properties/>
  <testcase name="Advanced - addRoute" classname="edu.uoc.locuocomotive.controller.LocUOComotiveControllerTest" time="0.04"/>
  <testcase name="Advanced - createTicket" classname="edu.uoc.locuocomotive.controller.LocUOComotiveControllerTest" time="0.016"/>
  <testcase name="Advanced - buyTicket" classname="edu.uoc.locuocomotive.controller.LocUOComotiveControllerTest" time="0.005"/>
  <system-out><![CDATA[]]></system-out>
  <system-err><![CDATA[]]></system-err>
</testsuite>
