<?xml version="1.0" encoding="UTF-8"?>
<testsuite name="edu.uoc.locuocomotive.controller.LocUOComotiveControllerTest" tests="8" skipped="0" failures="0" errors="0" timestamp="2024-06-17T09:33:02" hostname="POLERO-PC" time="0.133">
  <properties/>
  <testcase name="Basic - addPassenger" classname="edu.uoc.locuocomotive.controller.LocUOComotiveControllerTest" time="0.056"/>
  <testcase name="Basic - addStation" classname="edu.uoc.locuocomotive.controller.LocUOComotiveControllerTest" time="0.015"/>
  <testcase name="Basic - addTrain" classname="edu.uoc.locuocomotive.controller.LocUOComotiveControllerTest" time="0.009"/>
  <testcase name="Basic - getSeatTypes" classname="edu.uoc.locuocomotive.controller.LocUOComotiveControllerTest" time="0.006"/>
  <testcase name="Advanced - addRoute" classname="edu.uoc.locuocomotive.controller.LocUOComotiveControllerTest" time="0.005"/>
  <testcase name="Advanced - createTicket" classname="edu.uoc.locuocomotive.controller.LocUOComotiveControllerTest" time="0.013"/>
  <testcase name="Advanced - buyTicket" classname="edu.uoc.locuocomotive.controller.LocUOComotiveControllerTest" time="0.006"/>
  <testcase name="Special - getRoutesByStation" classname="edu.uoc.locuocomotive.controller.LocUOComotiveControllerTest" time="0.013"/>
  <system-out><![CDATA[]]></system-out>
  <system-err><![CDATA[]]></system-err>
</testsuite>
